<?xml version="1.0" encoding="UTF-8"?>
<!-- Generated by org.testng.reporters.JUnitXMLReporter -->
<testsuite hostname="Angler94" name="testF" tests="5" failures="0" timestamp="9 Jan 2017 10:53:24 GMT" time="82.48" errors="0">
  <testcase name="browserCmd" time="7.155" classname="browserCommands.BrowserTest"/>
  <testcase name="navigationCmd" time="17.698" classname="browserCommands.BrowserTest"/>
  <testcase name="testForm" time="26.508" classname="browserCommands.PracticeForm"/>
  <testcase name="selectMethods" time="31.321" classname="browserCommands.BrowserTest"/>
  <testcase name="checkradioOperations" time="20.135" classname="browserCommands.BrowserTest"/>
</testsuite> <!-- testF -->
