<?xml version="1.0" encoding="UTF-8"?>
<!-- Generated by org.testng.reporters.JUnitXMLReporter -->
<testsuite hostname="Angler94" name="Test Chrome" tests="4" failures="0" timestamp="9 Jan 2017 12:00:16 GMT" time="84.907" errors="0">
  <testcase name="browserCmd" time="7.814" classname="browserCommands.BrowserTest"/>
  <testcase name="navigationCmd" time="19.46" classname="browserCommands.BrowserTest"/>
  <testcase name="selectMethods" time="31.35" classname="browserCommands.BrowserTest"/>
  <testcase name="checkradioOperations" time="20.162" classname="browserCommands.BrowserTest"/>
</testsuite> <!-- Test Chrome -->
