<?xml version="1.0" encoding="UTF-8"?>
<!-- Generated by org.testng.reporters.JUnitXMLReporter -->
<testsuite hostname="Angler94" name="Test Firefox" tests="4" failures="0" timestamp="9 Jan 2017 11:59:39 GMT" time="47.847" errors="0">
  <testcase name="@BeforeClass beforeClass" time="0.0" classname="browserCommands.BrowserTest">
    <failure type="org.openqa.selenium.WebDriverException" message="Failed to connect to binary FirefoxBinary(C:\Program Files\Mozilla Firefox\firefox.exe) on port 7055; process output follows: 
n.png&amp;quot;,&amp;quot;48&amp;quot;:&amp;quot;icon.png&amp;quot;},&amp;quot;iconURL&amp;quot;:null,&amp;quot;icon64URL&amp;quot;:null,&amp;quot;defaultLocale&amp;quot;:{&amp;quot;name&amp;quot;:&amp;quot;Default&amp;quot;,&amp;quot;description&amp;quot;:&amp;quot;The default theme.&amp;quot;,&amp;quot;creator&amp;quot;:&amp;quot;Mozilla&amp;quot;,&amp;quot;homepageURL&amp;quot;:null,&amp;quot;contributors&amp;quot;:[&amp;quot;Mozilla Contributors&amp;quot;]},&amp;quot;visible&amp;quot;:true,&amp;quot;active&amp;quot;:true,&amp;quot;userDisabled&amp;quot;:false,&amp;quot;appDisabled&amp;quot;:false,&amp;quot;descriptor&amp;quot;:&amp;quot;C:\\Program Files\\Mozilla Firefox\\browser\\extensions\\{972ce4c6-7e08-4474-a285-3208198ce6fd}.xpi&amp;quot;,&amp;quot;installDate&amp;quot;:1481860246898,&amp;quot;updateDate&amp;quot;:1481860246898,&amp;quot;applyBackgroundUpdates&amp;quot;:1,&amp;quot;skinnable&amp;quot;:true,&amp;quot;size&amp;quot;:21152,&amp;quot;sourceURI&amp;quot;:null,&amp;quot;releaseNotesURI&amp;quot;:null,&amp;quot;softDisabled&amp;quot;:false,&amp;quot;foreignInstall&amp;quot;:false,&amp;quot;hasBinaryComponents&amp;quot;:false,&amp;quot;strictCompatibility&amp;quot;:true,&amp;quot;locales&amp;quot;:[],&amp;quot;targetApplications&amp;quot;:[{&amp;quot;id&amp;quot;:&amp;quot;{ec8030f7-c20a-464f-9b0e-13a3a9e97384}&amp;quot;,&amp;quot;minVersion&amp;quot;:&amp;quot;50.1.0&amp;quot;,&amp;quot;maxVersion&amp;quot;:&amp;quot;50.1.0&amp;quot;}],&amp;quot;targetPlatforms&amp;quot;:[],&amp;quot;seen&amp;quot;:true}
1483963134244	addons.xpi	DEBUG	getModTime: Recursive scan of {972ce4c6-7e08-4474-a285-3208198ce6fd}
1483963134246	DeferredSave.extensions.json	DEBUG	Save changes
1483963134246	addons.xpi	DEBUG	Updating database with changes to installed add-ons
1483963134246	addons.xpi-utils	DEBUG	Updating add-on states
1483963134247	addons.xpi-utils	DEBUG	Writing add-ons list
1483963134250	addons.xpi	DEBUG	Registering manifest for C:\Program Files\Mozilla Firefox\browser\features\aushelper@mozilla.org.xpi
1483963134250	addons.xpi	DEBUG	Calling bootstrap method startup on aushelper@mozilla.org version 1.0
1483963134251	addons.xpi	DEBUG	Registering manifest for C:\Program Files\Mozilla Firefox\browser\features\e10srollout@mozilla.org.xpi
1483963134252	addons.xpi	DEBUG	Calling bootstrap method startup on e10srollout@mozilla.org version 1.5
1483963134252	addons.xpi	DEBUG	Registering manifest for C:\Program Files\Mozilla Firefox\browser\features\firefox@getpocket.com.xpi
1483963134253	addons.xpi	DEBUG	Calling bootstrap method startup on firefox@getpocket.com version 1.0.5
1483963134254	addons.xpi	DEBUG	Registering manifest for C:\Program Files\Mozilla Firefox\browser\features\webcompat@mozilla.org.xpi
1483963134254	addons.xpi	DEBUG	Calling bootstrap method startup on webcompat@mozilla.org version 1.0
1483963134256	addons.manager	DEBUG	Registering shutdown blocker for XPIProvider
1483963134256	addons.manager	DEBUG	Provider finished startup: XPIProvider
1483963134256	addons.manager	DEBUG	Starting provider: LightweightThemeManager
1483963134257	addons.manager	DEBUG	Registering shutdown blocker for LightweightThemeManager
1483963134258	addons.manager	DEBUG	Provider finished startup: LightweightThemeManager
1483963134258	addons.manager	DEBUG	Starting provider: GMPProvider
1483963134267	addons.manager	DEBUG	Registering shutdown blocker for GMPProvider
1483963134268	addons.manager	DEBUG	Provider finished startup: GMPProvider
1483963134268	addons.manager	DEBUG	Starting provider: PluginProvider
1483963134268	addons.manager	DEBUG	Registering shutdown blocker for PluginProvider
1483963134268	addons.manager	DEBUG	Provider finished startup: PluginProvider
1483963134269	addons.manager	DEBUG	Completed startup sequence
1483963135202	addons.manager	DEBUG	Starting provider: &amp;lt;unnamed-provider&amp;gt;
1483963135203	addons.manager	DEBUG	Registering shutdown blocker for &amp;lt;unnamed-provider&amp;gt;
1483963135203	addons.manager	DEBUG	Provider finished startup: &amp;lt;unnamed-provider&amp;gt;
1483963135205	DeferredSave.extensions.json	DEBUG	Starting write
1483963135379	addons.repository	DEBUG	No addons.json found.
1483963135380	DeferredSave.addons.json	DEBUG	Save changes
1483963135384	DeferredSave.addons.json	DEBUG	Starting timer
1483963135415	addons.manager	DEBUG	Starting provider: PreviousExperimentProvider
1483963135415	addons.manager	DEBUG	Registering shutdown blocker for PreviousExperimentProvider
1483963135415	addons.manager	DEBUG	Provider finished startup: PreviousExperimentProvider
1483963135418	DeferredSave.extensions.json	DEBUG	Write succeeded
1483963135418	addons.xpi-utils	DEBUG	XPI Database saved, setting schema version preference to 17
1483963135447	DeferredSave.addons.json	DEBUG	Starting write
1483963135463	DeferredSave.addons.json	DEBUG	Write succeeded

Build info: version: &amp;apos;2.53.0&amp;apos;, revision: &amp;apos;35ae25b&amp;apos;, time: &amp;apos;2016-03-15 16:57:40&amp;apos;
System info: host: &amp;apos;Angler94&amp;apos;, ip: &amp;apos;192.168.54.2&amp;apos;, os.name: &amp;apos;Windows 10&amp;apos;, os.arch: &amp;apos;amd64&amp;apos;, os.version: &amp;apos;10.0&amp;apos;, java.version: &amp;apos;1.8.0_74&amp;apos;
Driver info: driver.version: FirefoxDriver">
      <![CDATA[org.openqa.selenium.WebDriverException: Failed to connect to binary FirefoxBinary(C:\Program Files\Mozilla Firefox\firefox.exe) on port 7055; process output follows: 
n.png","48":"icon.png"},"iconURL":null,"icon64URL":null,"defaultLocale":{"name":"Default","description":"The default theme.","creator":"Mozilla","homepageURL":null,"contributors":["Mozilla Contributors"]},"visible":true,"active":true,"userDisabled":false,"appDisabled":false,"descriptor":"C:\\Program Files\\Mozilla Firefox\\browser\\extensions\\{972ce4c6-7e08-4474-a285-3208198ce6fd}.xpi","installDate":1481860246898,"updateDate":1481860246898,"applyBackgroundUpdates":1,"skinnable":true,"size":21152,"sourceURI":null,"releaseNotesURI":null,"softDisabled":false,"foreignInstall":false,"hasBinaryComponents":false,"strictCompatibility":true,"locales":[],"targetApplications":[{"id":"{ec8030f7-c20a-464f-9b0e-13a3a9e97384}","minVersion":"50.1.0","maxVersion":"50.1.0"}],"targetPlatforms":[],"seen":true}
1483963134244	addons.xpi	DEBUG	getModTime: Recursive scan of {972ce4c6-7e08-4474-a285-3208198ce6fd}
1483963134246	DeferredSave.extensions.json	DEBUG	Save changes
1483963134246	addons.xpi	DEBUG	Updating database with changes to installed add-ons
1483963134246	addons.xpi-utils	DEBUG	Updating add-on states
1483963134247	addons.xpi-utils	DEBUG	Writing add-ons list
1483963134250	addons.xpi	DEBUG	Registering manifest for C:\Program Files\Mozilla Firefox\browser\features\aushelper@mozilla.org.xpi
1483963134250	addons.xpi	DEBUG	Calling bootstrap method startup on aushelper@mozilla.org version 1.0
1483963134251	addons.xpi	DEBUG	Registering manifest for C:\Program Files\Mozilla Firefox\browser\features\e10srollout@mozilla.org.xpi
1483963134252	addons.xpi	DEBUG	Calling bootstrap method startup on e10srollout@mozilla.org version 1.5
1483963134252	addons.xpi	DEBUG	Registering manifest for C:\Program Files\Mozilla Firefox\browser\features\firefox@getpocket.com.xpi
1483963134253	addons.xpi	DEBUG	Calling bootstrap method startup on firefox@getpocket.com version 1.0.5
1483963134254	addons.xpi	DEBUG	Registering manifest for C:\Program Files\Mozilla Firefox\browser\features\webcompat@mozilla.org.xpi
1483963134254	addons.xpi	DEBUG	Calling bootstrap method startup on webcompat@mozilla.org version 1.0
1483963134256	addons.manager	DEBUG	Registering shutdown blocker for XPIProvider
1483963134256	addons.manager	DEBUG	Provider finished startup: XPIProvider
1483963134256	addons.manager	DEBUG	Starting provider: LightweightThemeManager
1483963134257	addons.manager	DEBUG	Registering shutdown blocker for LightweightThemeManager
1483963134258	addons.manager	DEBUG	Provider finished startup: LightweightThemeManager
1483963134258	addons.manager	DEBUG	Starting provider: GMPProvider
1483963134267	addons.manager	DEBUG	Registering shutdown blocker for GMPProvider
1483963134268	addons.manager	DEBUG	Provider finished startup: GMPProvider
1483963134268	addons.manager	DEBUG	Starting provider: PluginProvider
1483963134268	addons.manager	DEBUG	Registering shutdown blocker for PluginProvider
1483963134268	addons.manager	DEBUG	Provider finished startup: PluginProvider
1483963134269	addons.manager	DEBUG	Completed startup sequence
1483963135202	addons.manager	DEBUG	Starting provider: <unnamed-provider>
1483963135203	addons.manager	DEBUG	Registering shutdown blocker for <unnamed-provider>
1483963135203	addons.manager	DEBUG	Provider finished startup: <unnamed-provider>
1483963135205	DeferredSave.extensions.json	DEBUG	Starting write
1483963135379	addons.repository	DEBUG	No addons.json found.
1483963135380	DeferredSave.addons.json	DEBUG	Save changes
1483963135384	DeferredSave.addons.json	DEBUG	Starting timer
1483963135415	addons.manager	DEBUG	Starting provider: PreviousExperimentProvider
1483963135415	addons.manager	DEBUG	Registering shutdown blocker for PreviousExperimentProvider
1483963135415	addons.manager	DEBUG	Provider finished startup: PreviousExperimentProvider
1483963135418	DeferredSave.extensions.json	DEBUG	Write succeeded
1483963135418	addons.xpi-utils	DEBUG	XPI Database saved, setting schema version preference to 17
1483963135447	DeferredSave.addons.json	DEBUG	Starting write
1483963135463	DeferredSave.addons.json	DEBUG	Write succeeded

Build info: version: '2.53.0', revision: '35ae25b', time: '2016-03-15 16:57:40'
System info: host: 'Angler94', ip: '192.168.54.2', os.name: 'Windows 10', os.arch: 'amd64', os.version: '10.0', java.version: '1.8.0_74'
Driver info: driver.version: FirefoxDriver
	at org.openqa.selenium.firefox.internal.NewProfileExtensionConnection.start(NewProfileExtensionConnection.java:124)
	at org.openqa.selenium.firefox.FirefoxDriver.startClient(FirefoxDriver.java:271)
	at org.openqa.selenium.remote.RemoteWebDriver.<init>(RemoteWebDriver.java:119)
	at org.openqa.selenium.firefox.FirefoxDriver.<init>(FirefoxDriver.java:218)
	at org.openqa.selenium.firefox.FirefoxDriver.<init>(FirefoxDriver.java:211)
	at org.openqa.selenium.firefox.FirefoxDriver.<init>(FirefoxDriver.java:207)
	at org.openqa.selenium.firefox.FirefoxDriver.<init>(FirefoxDriver.java:120)
	at browserCommands.BrowserTest.beforeClass(BrowserTest.java:38)
	at java.util.concurrent.FutureTask.run(FutureTask.java:266)
	at java.util.concurrent.ThreadPoolExecutor.runWorker(ThreadPoolExecutor.java:1142)
	at java.util.concurrent.ThreadPoolExecutor$Worker.run(ThreadPoolExecutor.java:617)
	at java.lang.Thread.run(Thread.java:745)
Caused by: org.openqa.selenium.firefox.NotConnectedException: Unable to connect to host 127.0.0.1 on port 7055 after 45000 ms. Firefox console output:
n.png","48":"icon.png"},"iconURL":null,"icon64URL":null,"defaultLocale":{"name":"Default","description":"The default theme.","creator":"Mozilla","homepageURL":null,"contributors":["Mozilla Contributors"]},"visible":true,"active":true,"userDisabled":false,"appDisabled":false,"descriptor":"C:\\Program Files\\Mozilla Firefox\\browser\\extensions\\{972ce4c6-7e08-4474-a285-3208198ce6fd}.xpi","installDate":1481860246898,"updateDate":1481860246898,"applyBackgroundUpdates":1,"skinnable":true,"size":21152,"sourceURI":null,"releaseNotesURI":null,"softDisabled":false,"foreignInstall":false,"hasBinaryComponents":false,"strictCompatibility":true,"locales":[],"targetApplications":[{"id":"{ec8030f7-c20a-464f-9b0e-13a3a9e97384}","minVersion":"50.1.0","maxVersion":"50.1.0"}],"targetPlatforms":[],"seen":true}
1483963134244	addons.xpi	DEBUG	getModTime: Recursive scan of {972ce4c6-7e08-4474-a285-3208198ce6fd}
1483963134246	DeferredSave.extensions.json	DEBUG	Save changes
1483963134246	addons.xpi	DEBUG	Updating database with changes to installed add-ons
1483963134246	addons.xpi-utils	DEBUG	Updating add-on states
1483963134247	addons.xpi-utils	DEBUG	Writing add-ons list
1483963134250	addons.xpi	DEBUG	Registering manifest for C:\Program Files\Mozilla Firefox\browser\features\aushelper@mozilla.org.xpi
1483963134250	addons.xpi	DEBUG	Calling bootstrap method startup on aushelper@mozilla.org version 1.0
1483963134251	addons.xpi	DEBUG	Registering manifest for C:\Program Files\Mozilla Firefox\browser\features\e10srollout@mozilla.org.xpi
1483963134252	addons.xpi	DEBUG	Calling bootstrap method startup on e10srollout@mozilla.org version 1.5
1483963134252	addons.xpi	DEBUG	Registering manifest for C:\Program Files\Mozilla Firefox\browser\features\firefox@getpocket.com.xpi
1483963134253	addons.xpi	DEBUG	Calling bootstrap method startup on firefox@getpocket.com version 1.0.5
1483963134254	addons.xpi	DEBUG	Registering manifest for C:\Program Files\Mozilla Firefox\browser\features\webcompat@mozilla.org.xpi
1483963134254	addons.xpi	DEBUG	Calling bootstrap method startup on webcompat@mozilla.org version 1.0
1483963134256	addons.manager	DEBUG	Registering shutdown blocker for XPIProvider
1483963134256	addons.manager	DEBUG	Provider finished startup: XPIProvider
1483963134256	addons.manager	DEBUG	Starting provider: LightweightThemeManager
1483963134257	addons.manager	DEBUG	Registering shutdown blocker for LightweightThemeManager
1483963134258	addons.manager	DEBUG	Provider finished startup: LightweightThemeManager
1483963134258	addons.manager	DEBUG	Starting provider: GMPProvider
1483963134267	addons.manager	DEBUG	Registering shutdown blocker for GMPProvider
1483963134268	addons.manager	DEBUG	Provider finished startup: GMPProvider
1483963134268	addons.manager	DEBUG	Starting provider: PluginProvider
1483963134268	addons.manager	DEBUG	Registering shutdown blocker for PluginProvider
1483963134268	addons.manager	DEBUG	Provider finished startup: PluginProvider
1483963134269	addons.manager	DEBUG	Completed startup sequence
1483963135202	addons.manager	DEBUG	Starting provider: <unnamed-provider>
1483963135203	addons.manager	DEBUG	Registering shutdown blocker for <unnamed-provider>
1483963135203	addons.manager	DEBUG	Provider finished startup: <unnamed-provider>
1483963135205	DeferredSave.extensions.json	DEBUG	Starting write
1483963135379	addons.repository	DEBUG	No addons.json found.
1483963135380	DeferredSave.addons.json	DEBUG	Save changes
1483963135384	DeferredSave.addons.json	DEBUG	Starting timer
1483963135415	addons.manager	DEBUG	Starting provider: PreviousExperimentProvider
1483963135415	addons.manager	DEBUG	Registering shutdown blocker for PreviousExperimentProvider
1483963135415	addons.manager	DEBUG	Provider finished startup: PreviousExperimentProvider
1483963135418	DeferredSave.extensions.json	DEBUG	Write succeeded
1483963135418	addons.xpi-utils	DEBUG	XPI Database saved, setting schema version preference to 17
1483963135447	DeferredSave.addons.json	DEBUG	Starting write
1483963135463	DeferredSave.addons.json	DEBUG	Write succeeded

	at org.openqa.selenium.firefox.internal.NewProfileExtensionConnection.start(NewProfileExtensionConnection.java:112)
	... 27 more
... Removed 16 stack frames]]>
    </failure>
  </testcase> <!-- @BeforeClass beforeClass -->
  <testcase name="@AfterClass afterClass" time="0.0" classname="browserCommands.BrowserTest">
    <skipped/>
  </testcase> <!-- @AfterClass afterClass -->
  <testcase name="browserCmd" time="0.0" classname="browserCommands.BrowserTest">
    <skipped/>
  </testcase> <!-- browserCmd -->
  <testcase name="navigationCmd" time="0.0" classname="browserCommands.BrowserTest">
    <skipped/>
  </testcase> <!-- navigationCmd -->
  <testcase name="selectMethods" time="0.0" classname="browserCommands.BrowserTest">
    <skipped/>
  </testcase> <!-- selectMethods -->
  <testcase name="checkradioOperations" time="0.0" classname="browserCommands.BrowserTest">
    <skipped/>
  </testcase> <!-- checkradioOperations -->
</testsuite> <!-- Test Firefox -->
