<?xml version="1.0" encoding="UTF-8"?>
<!-- Generated by org.testng.reporters.JUnitXMLReporter -->
<testsuite hostname="Angler94" name="testA" tests="5" failures="1" timestamp="9 Jan 2017 07:02:55 GMT" time="36.966" errors="0">
  <testcase name="login" time="13.482" classname="pack_testng.Test_Class1">
    <failure type="java.lang.RuntimeException">
      <![CDATA[java.lang.RuntimeException
	at pack_testng.Test_Class1.login(Test_Class1.java:20)
... Removed 24 stack frames]]>
    </failure>
  </testcase> <!-- login -->
  <testcase name="wishList" time="1.857" classname="pack_testng.Test_Class1"/>
  <testcase name="orderHistory" time="0.0" classname="pack_testng.Test_Class1">
    <skipped/>
  </testcase> <!-- orderHistory -->
  <testcase name="creditSlips" time="0.0" classname="pack_testng.Test_Class1">
    <skipped/>
  </testcase> <!-- creditSlips -->
  <testcase name="addAddress" time="13.131" classname="pack_testng.AddAddress"/>
</testsuite> <!-- testA -->
