<?xml version="1.0" encoding="UTF-8"?>
<!-- Generated by org.testng.reporters.JUnitXMLReporter -->
<testsuite hostname="Angler94" name="testB" tests="5" failures="0" timestamp="9 Jan 2017 09:00:21 GMT" time="108.937" errors="0">
  <testcase name="browserCmd" time="8.669" classname="browserCommands.BrowserTest"/>
  <testcase name="navigationCmd" time="18.68" classname="browserCommands.BrowserTest"/>
  <testcase name="selectMethods" time="31.221" classname="browserCommands.BrowserTest"/>
  <testcase name="checkradioOperations" time="20.141" classname="browserCommands.BrowserTest"/>
  <testcase name="addAddress" time="20.272" classname="pack_testng.AddAddress"/>
</testsuite> <!-- testB -->
