<?xml version="1.0" encoding="UTF-8"?>
<!-- Generated by org.testng.reporters.JUnitXMLReporter -->
<testsuite hostname="Angler94" name="testD" tests="5" failures="0" timestamp="9 Jan 2017 09:15:42 GMT" time="111.399" errors="0">
  <testcase name="browserCmd" time="6.247" classname="browserCommands.BrowserTest"/>
  <testcase name="navigationCmd" time="21.439" classname="browserCommands.BrowserTest"/>
  <testcase name="selectMethods" time="30.561" classname="browserCommands.BrowserTest"/>
  <testcase name="checkradioOperations" time="20.129" classname="browserCommands.BrowserTest"/>
  <testcase name="testForm" time="21.679" classname="browserCommands.PracticeForm"/>
</testsuite> <!-- testD -->
