<?xml version="1.0" encoding="UTF-8"?>
<!-- Generated by org.testng.reporters.JUnitXMLReporter -->
<testsuite hostname="Angler94" name="test one" tests="4" failures="1" timestamp="9 Jan 2017 07:09:24 GMT" time="37.08" errors="0">
  <testcase name="login" time="13.621" classname="pack_testng.Test_Class1"/>
  <testcase name="wishList" time="1.733" classname="pack_testng.Test_Class1"/>
  <testcase name="orderHistory" time="17.128" classname="pack_testng.Test_Class1">
    <failure type="java.lang.NullPointerException">
      <![CDATA[java.lang.NullPointerException
	at pack_testng.Test_Class1.orderHistory(Test_Class1.java:28)
... Removed 24 stack frames]]>
    </failure>
  </testcase> <!-- orderHistory -->
  <testcase name="creditSlips" time="0.0" classname="pack_testng.Test_Class1">
    <skipped/>
  </testcase> <!-- creditSlips -->
</testsuite> <!-- test one -->
