<?xml version="1.0" encoding="UTF-8"?>
<testng-results skipped="0" failed="0" total="1" passed="1">
  <reporter-output>
  </reporter-output>
  <suite name="Default suite" duration-ms="33244" started-at="2017-01-03T05:31:42Z" finished-at="2017-01-03T05:32:15Z">
    <groups>
    </groups>
    <test name="Default test" duration-ms="33244" started-at="2017-01-03T05:31:42Z" finished-at="2017-01-03T05:32:15Z">
      <class name="browserCommands.PracticeForm">
        <test-method status="PASS" signature="beforeClass()[pri:0, instance:browserCommands.PracticeForm@68be2bc2]" name="beforeClass" is-config="true" duration-ms="5183" started-at="2017-01-03T11:01:42Z" finished-at="2017-01-03T11:01:47Z">
          <reporter-output>
          </reporter-output>
        </test-method> <!-- beforeClass -->
        <test-method status="PASS" signature="testForm()[pri:0, instance:browserCommands.PracticeForm@68be2bc2]" name="testForm" duration-ms="25656" started-at="2017-01-03T11:01:47Z" finished-at="2017-01-03T11:02:13Z">
          <reporter-output>
          </reporter-output>
        </test-method> <!-- testForm -->
        <test-method status="PASS" signature="afterClass()[pri:0, instance:browserCommands.PracticeForm@68be2bc2]" name="afterClass" is-config="true" duration-ms="2358" started-at="2017-01-03T11:02:13Z" finished-at="2017-01-03T11:02:15Z">
          <reporter-output>
          </reporter-output>
        </test-method> <!-- afterClass -->
      </class> <!-- browserCommands.PracticeForm -->
    </test> <!-- Default test -->
  </suite> <!-- Default suite -->
</testng-results>
