<?xml version="1.0" encoding="UTF-8"?>
<testng-results skipped="0" failed="0" total="2" passed="2">
  <reporter-output>
  </reporter-output>
  <suite name="Default suite" duration-ms="13910" started-at="2017-01-13T06:55:45Z" finished-at="2017-01-13T06:55:59Z">
    <groups>
    </groups>
    <test name="Default test" duration-ms="13910" started-at="2017-01-13T06:55:45Z" finished-at="2017-01-13T06:55:59Z">
      <class name="browserCommands.ActionEvents">
        <test-method status="PASS" signature="beforeClass()[pri:0, instance:browserCommands.ActionEvents@68be2bc2]" name="beforeClass" is-config="true" duration-ms="3630" started-at="2017-01-13T12:25:45Z" finished-at="2017-01-13T12:25:48Z">
          <reporter-output>
          </reporter-output>
        </test-method> <!-- beforeClass -->
        <test-method status="PASS" signature="selectJqueryItems()[pri:3, instance:browserCommands.ActionEvents@68be2bc2]" name="selectJqueryItems" duration-ms="5371" started-at="2017-01-13T12:25:48Z" finished-at="2017-01-13T12:25:54Z">
          <reporter-output>
          </reporter-output>
        </test-method> <!-- selectJqueryItems -->
        <test-method status="PASS" signature="doubleClick()[pri:4, instance:browserCommands.ActionEvents@68be2bc2]" name="doubleClick" duration-ms="3911" started-at="2017-01-13T12:25:54Z" finished-at="2017-01-13T12:25:58Z">
          <reporter-output>
          </reporter-output>
        </test-method> <!-- doubleClick -->
        <test-method status="PASS" signature="afterClass()[pri:0, instance:browserCommands.ActionEvents@68be2bc2]" name="afterClass" is-config="true" duration-ms="979" started-at="2017-01-13T12:25:58Z" finished-at="2017-01-13T12:25:59Z">
          <reporter-output>
          </reporter-output>
        </test-method> <!-- afterClass -->
      </class> <!-- browserCommands.ActionEvents -->
    </test> <!-- Default test -->
  </suite> <!-- Default suite -->
</testng-results>
